<?xml version="1.0" encoding="UTF-8"?>
<testsuite name="swarm_wars_logic.engine.GameObjectTests" tests="1" skipped="0" failures="0" errors="0" timestamp="2019-02-18T23:38:37" hostname="lao8n" time="0.006">
  <properties/>
  <testcase name="ConstructorTest()" classname="swarm_wars_logic.engine.GameObjectTests" time="0.006"/>
  <system-out><![CDATA[]]></system-out>
  <system-err><![CDATA[]]></system-err>
</testsuite>
